# JRE version: Java(TM) SE Runtime Environment (19.0.1+10) (build 19.0.1+10-21)
# Java VM: Java HotSpot(TM) 64-Bit Server VM (19.0.1+10-21, mixed mode, sharing, tiered, compressed oops, compressed class ptrs, g1 gc, bsd-aarch64)
GC Precious Log:
 CardTable entry size: 512
 Card Set container configuration: InlinePtr #cards 5 size 8 Array Of Cards #cards 12 size 40 Howl #buckets 4 coarsen threshold 1843 Howl Bitmap #cards 512 size 80 coarsen threshold 460 Card regions per heap region 1 cards per card region 2048
 CPUs: 8 total, 8 available
 Memory: 8192M
 Large Page Support: Disabled
 NUMA Support: Disabled
 Compressed Oops: Enabled (Zero based)
 Heap Region Size: 1M
 Heap Min Capacity: 8M
 Heap Initial Capacity: 128M
 Heap Max Capacity: 2G
 Pre-touch: Disabled
 Parallel Workers: 8
 Concurrent Workers: 2
 Concurrent Refinement Workers: 8
 Periodic GC: Disabled
Heap:
 garbage-first heap   total 30720K, used 16765K [0x0000000780000000, 0x0000000800000000)
  region size 1024K, 6 young (6144K), 0 survivors (0K)
 Metaspace       used 10409K, committed 10752K, reserved 1114112K
  class space    used 1028K, committed 1216K, reserved 1048576K
GC Heap History (20 events):
Event: 0.416 GC heap before
{Heap before GC invocations=7 (full 4):
 garbage-first heap   total 14336K, used 7059K [0x0000000780000000, 0x0000000800000000)
  region size 1024K, 4 young (4096K), 1 survivors (1024K)
 Metaspace       used 3749K, committed 3904K, reserved 1114112K
  class space    used 308K, committed 384K, reserved 1048576K
}
Event: 0.416 GC heap after
{Heap after GC invocations=8 (full 4):
 garbage-first heap   total 72704K, used 4295K [0x0000000780000000, 0x0000000800000000)
  region size 1024K, 1 young (1024K), 1 survivors (1024K)
 Metaspace       used 3749K, committed 3904K, reserved 1114112K
  class space    used 308K, committed 384K, reserved 1048576K
}
Event: 0.454 GC heap before
{Heap before GC invocations=8 (full 4):
 garbage-first heap   total 72704K, used 29895K [0x0000000780000000, 0x0000000800000000)
  region size 1024K, 28 young (28672K), 1 survivors (1024K)
 Metaspace       used 3819K, committed 3968K, reserved 1114112K
  class space    used 309K, committed 384K, reserved 1048576K
}
Event: 0.461 GC heap after
{Heap after GC invocations=9 (full 5):
 garbage-first heap   total 30720K, used 6703K [0x0000000780000000, 0x0000000800000000)
  region size 1024K, 0 young (0K), 0 survivors (0K)
 Metaspace       used 3819K, committed 3968K, reserved 1114112K
  class space    used 309K, committed 384K, reserved 1048576K
}
Event: 0.472 GC heap before
{Heap before GC invocations=9 (full 5):
 garbage-first heap   total 30720K, used 6703K [0x0000000780000000, 0x0000000800000000)
  region size 1024K, 1 young (1024K), 0 survivors (0K)
 Metaspace       used 3819K, committed 3968K, reserved 1114112K
  class space    used 309K, committed 384K, reserved 1048576K
}
Event: 0.476 GC heap after
{Heap after GC invocations=10 (full 6):
 garbage-first heap   total 30720K, used 6703K [0x0000000780000000, 0x0000000800000000)
  region size 1024K, 0 young (0K), 0 survivors (0K)
 Metaspace       used 3819K, committed 3968K, reserved 1114112K
  class space    used 309K, committed 384K, reserved 1048576K
}
Event: 0.487 GC heap before
{Heap before GC invocations=10 (full 6):
 garbage-first heap   total 30720K, used 6703K [0x0000000780000000, 0x0000000800000000)
  region size 1024K, 1 young (1024K), 0 survivors (0K)
 Metaspace       used 3819K, committed 3968K, reserved 1114112K
  class space    used 309K, committed 384K, reserved 1048576K
}
Event: 0.491 GC heap after
{Heap after GC invocations=11 (full 7):
 garbage-first heap   total 30720K, used 6703K [0x0000000780000000, 0x0000000800000000)
  region size 1024K, 0 young (0K), 0 survivors (0K)
 Metaspace       used 3819K, committed 3968K, reserved 1114112K
  class space    used 309K, committed 384K, reserved 1048576K
}
Event: 0.524 GC heap before
{Heap before GC invocations=11 (full 7):
 garbage-first heap   total 30720K, used 6703K [0x0000000780000000, 0x0000000800000000)
  region size 1024K, 1 young (1024K), 0 survivors (0K)
 Metaspace       used 3826K, committed 3968K, reserved 1114112K
  class space    used 309K, committed 384K, reserved 1048576K
}
Event: 0.528 GC heap after
{Heap after GC invocations=12 (full 8):
 garbage-first heap   total 30720K, used 6703K [0x0000000780000000, 0x0000000800000000)
  region size 1024K, 0 young (0K), 0 survivors (0K)
 Metaspace       used 3826K, committed 3968K, reserved 1114112K
  class space    used 309K, committed 384K, reserved 1048576K
}
Event: 0.542 GC heap before
{Heap before GC invocations=12 (full 8):
 garbage-first heap   total 30720K, used 6703K [0x0000000780000000, 0x0000000800000000)
  region size 1024K, 1 young (1024K), 0 survivors (0K)
 Metaspace       used 3826K, committed 3968K, reserved 1114112K
  class space    used 309K, committed 384K, reserved 1048576K
}
Event: 0.545 GC heap after
{Heap after GC invocations=13 (full 9):
 garbage-first heap   total 30720K, used 6703K [0x0000000780000000, 0x0000000800000000)
  region size 1024K, 0 young (0K), 0 survivors (0K)
 Metaspace       used 3826K, committed 3968K, reserved 1114112K
  class space    used 309K, committed 384K, reserved 1048576K
}
Event: 0.546 GC heap before
{Heap before GC invocations=13 (full 9):
 garbage-first heap   total 30720K, used 6703K [0x0000000780000000, 0x0000000800000000)
  region size 1024K, 1 young (1024K), 0 survivors (0K)
 Metaspace       used 3826K, committed 3968K, reserved 1114112K
  class space    used 309K, committed 384K, reserved 1048576K
}
Event: 0.549 GC heap after
{Heap after GC invocations=14 (full 10):
 garbage-first heap   total 30720K, used 6703K [0x0000000780000000, 0x0000000800000000)
  region size 1024K, 0 young (0K), 0 survivors (0K)
 Metaspace       used 3826K, committed 3968K, reserved 1114112K
  class space    used 309K, committed 384K, reserved 1048576K
}
Event: 0.876 GC heap before
{Heap before GC invocations=14 (full 10):
 garbage-first heap   total 30720K, used 14895K [0x0000000780000000, 0x0000000800000000)
  region size 1024K, 9 young (9216K), 0 survivors (0K)
 Metaspace       used 4771K, committed 5056K, reserved 1114112K
  class space    used 372K, committed 512K, reserved 1048576K
}
Event: 0.880 GC heap after
{Heap after GC invocations=15 (full 11):
 garbage-first heap   total 30720K, used 7550K [0x0000000780000000, 0x0000000800000000)
  region size 1024K, 0 young (0K), 0 survivors (0K)
 Metaspace       used 4771K, committed 5056K, reserved 1114112K
  class space    used 372K, committed 512K, reserved 1048576K
}
Event: 0.881 GC heap before
{Heap before GC invocations=15 (full 11):
 garbage-first heap   total 30720K, used 7550K [0x0000000780000000, 0x0000000800000000)
  region size 1024K, 1 young (1024K), 0 survivors (0K)
 Metaspace       used 4771K, committed 5056K, reserved 1114112K
  class space    used 372K, committed 512K, reserved 1048576K
}
Event: 0.885 GC heap after
{Heap after GC invocations=16 (full 12):
 garbage-first heap   total 30720K, used 7549K [0x0000000780000000, 0x0000000800000000)
  region size 1024K, 0 young (0K), 0 survivors (0K)
 Metaspace       used 4771K, committed 5056K, reserved 1114112K
  class space    used 372K, committed 512K, reserved 1048576K
}
Event: 0.885 GC heap before
{Heap before GC invocations=16 (full 12):
 garbage-first heap   total 30720K, used 7549K [0x0000000780000000, 0x0000000800000000)
  region size 1024K, 0 young (0K), 0 survivors (0K)
 Metaspace       used 4771K, committed 5056K, reserved 1114112K
  class space    used 372K, committed 512K, reserved 1048576K
}
Event: 0.889 GC heap after
{Heap after GC invocations=17 (full 13):
 garbage-first heap   total 30720K, used 7549K [0x0000000780000000, 0x0000000800000000)
  region size 1024K, 0 young (0K), 0 survivors (0K)
 Metaspace       used 4771K, committed 5056K, reserved 1114112K
  class space    used 372K, committed 512K, reserved 1048576K
}

