# JRE version: Java(TM) SE Runtime Environment (19.0.1+10) (build 19.0.1+10-21)
# Java VM: Java HotSpot(TM) 64-Bit Server VM (19.0.1+10-21, mixed mode, sharing, tiered, compressed oops, compressed class ptrs, g1 gc, bsd-aarch64)
GC Precious Log:
 CardTable entry size: 512
 Card Set container configuration: InlinePtr #cards 5 size 8 Array Of Cards #cards 12 size 40 Howl #buckets 4 coarsen threshold 1843 Howl Bitmap #cards 512 size 80 coarsen threshold 460 Card regions per heap region 1 cards per card region 2048
 CPUs: 8 total, 8 available
 Memory: 8192M
 Large Page Support: Disabled
 NUMA Support: Disabled
 Compressed Oops: Enabled (Zero based)
 Heap Region Size: 1M
 Heap Min Capacity: 8M
 Heap Initial Capacity: 128M
 Heap Max Capacity: 2G
 Pre-touch: Disabled
 Parallel Workers: 8
 Concurrent Workers: 2
 Concurrent Refinement Workers: 8
 Periodic GC: Disabled
Heap:
 garbage-first heap   total 27648K, used 12641K [0x0000000780000000, 0x0000000800000000)
  region size 1024K, 1 young (1024K), 0 survivors (0K)
 Metaspace       used 10413K, committed 10752K, reserved 1114112K
  class space    used 1027K, committed 1216K, reserved 1048576K
GC Heap History (20 events):
Event: 0.356 GC heap before
{Heap before GC invocations=1 (full 1):
 garbage-first heap   total 17408K, used 5544K [0x0000000780000000, 0x0000000800000000)
  region size 1024K, 4 young (4096K), 0 survivors (0K)
 Metaspace       used 3190K, committed 3392K, reserved 1114112K
  class space    used 259K, committed 384K, reserved 1048576K
}
Event: 0.357 GC heap after
{Heap after GC invocations=2 (full 1):
 garbage-first heap   total 17408K, used 2984K [0x0000000780000000, 0x0000000800000000)
  region size 1024K, 1 young (1024K), 1 survivors (1024K)
 Metaspace       used 3190K, committed 3392K, reserved 1114112K
  class space    used 259K, committed 384K, reserved 1048576K
}
Event: 0.392 GC heap before
{Heap before GC invocations=2 (full 1):
 garbage-first heap   total 17408K, used 7080K [0x0000000780000000, 0x0000000800000000)
  region size 1024K, 5 young (5120K), 1 survivors (1024K)
 Metaspace       used 3741K, committed 3968K, reserved 1114112K
  class space    used 309K, committed 384K, reserved 1048576K
}
Event: 0.393 GC heap after
{Heap after GC invocations=3 (full 1):
 garbage-first heap   total 17408K, used 3387K [0x0000000780000000, 0x0000000800000000)
  region size 1024K, 1 young (1024K), 1 survivors (1024K)
 Metaspace       used 3741K, committed 3968K, reserved 1114112K
  class space    used 309K, committed 384K, reserved 1048576K
}
Event: 0.400 GC heap before
{Heap before GC invocations=3 (full 1):
 garbage-first heap   total 17408K, used 8507K [0x0000000780000000, 0x0000000800000000)
  region size 1024K, 6 young (6144K), 1 survivors (1024K)
 Metaspace       used 3757K, committed 3968K, reserved 1114112K
  class space    used 309K, committed 384K, reserved 1048576K
}
Event: 0.401 GC heap after
{Heap after GC invocations=4 (full 1):
 garbage-first heap   total 17408K, used 3863K [0x0000000780000000, 0x0000000800000000)
  region size 1024K, 1 young (1024K), 1 survivors (1024K)
 Metaspace       used 3757K, committed 3968K, reserved 1114112K
  class space    used 309K, committed 384K, reserved 1048576K
}
Event: 0.406 GC heap before
{Heap before GC invocations=4 (full 1):
 garbage-first heap   total 17408K, used 8983K [0x0000000780000000, 0x0000000800000000)
  region size 1024K, 6 young (6144K), 1 survivors (1024K)
 Metaspace       used 3765K, committed 3968K, reserved 1114112K
  class space    used 309K, committed 384K, reserved 1048576K
}
Event: 0.407 GC heap after
{Heap after GC invocations=5 (full 1):
 garbage-first heap   total 17408K, used 4362K [0x0000000780000000, 0x0000000800000000)
  region size 1024K, 1 young (1024K), 1 survivors (1024K)
 Metaspace       used 3765K, committed 3968K, reserved 1114112K
  class space    used 309K, committed 384K, reserved 1048576K
}
Event: 0.411 GC heap before
{Heap before GC invocations=5 (full 1):
 garbage-first heap   total 17408K, used 9482K [0x0000000780000000, 0x0000000800000000)
  region size 1024K, 6 young (6144K), 1 survivors (1024K)
 Metaspace       used 3775K, committed 3968K, reserved 1114112K
  class space    used 309K, committed 384K, reserved 1048576K
}
Event: 0.412 GC heap after
{Heap after GC invocations=6 (full 1):
 garbage-first heap   total 74752K, used 4853K [0x0000000780000000, 0x0000000800000000)
  region size 1024K, 1 young (1024K), 1 survivors (1024K)
 Metaspace       used 3775K, committed 3968K, reserved 1114112K
  class space    used 309K, committed 384K, reserved 1048576K
}
Event: 0.445 GC heap before
{Heap before GC invocations=6 (full 1):
 garbage-first heap   total 74752K, used 25333K [0x0000000780000000, 0x0000000800000000)
  region size 1024K, 22 young (22528K), 1 survivors (1024K)
 Metaspace       used 3835K, committed 4032K, reserved 1114112K
  class space    used 310K, committed 384K, reserved 1048576K
}
Event: 0.452 GC heap after
{Heap after GC invocations=7 (full 2):
 garbage-first heap   total 27648K, used 6725K [0x0000000780000000, 0x0000000800000000)
  region size 1024K, 0 young (0K), 0 survivors (0K)
 Metaspace       used 3835K, committed 4032K, reserved 1114112K
  class space    used 310K, committed 384K, reserved 1048576K
}
Event: 0.491 GC heap before
{Heap before GC invocations=7 (full 2):
 garbage-first heap   total 27648K, used 6725K [0x0000000780000000, 0x0000000800000000)
  region size 1024K, 1 young (1024K), 0 survivors (0K)
 Metaspace       used 3836K, committed 4032K, reserved 1114112K
  class space    used 310K, committed 384K, reserved 1048576K
}
Event: 0.496 GC heap after
{Heap after GC invocations=8 (full 3):
 garbage-first heap   total 27648K, used 6725K [0x0000000780000000, 0x0000000800000000)
  region size 1024K, 0 young (0K), 0 survivors (0K)
 Metaspace       used 3836K, committed 4032K, reserved 1114112K
  class space    used 310K, committed 384K, reserved 1048576K
}
Event: 0.496 GC heap before
{Heap before GC invocations=8 (full 3):
 garbage-first heap   total 27648K, used 6725K [0x0000000780000000, 0x0000000800000000)
  region size 1024K, 1 young (1024K), 0 survivors (0K)
 Metaspace       used 3836K, committed 4032K, reserved 1114112K
  class space    used 310K, committed 384K, reserved 1048576K
}
Event: 0.500 GC heap after
{Heap after GC invocations=9 (full 4):
 garbage-first heap   total 27648K, used 6725K [0x0000000780000000, 0x0000000800000000)
  region size 1024K, 0 young (0K), 0 survivors (0K)
 Metaspace       used 3836K, committed 4032K, reserved 1114112K
  class space    used 310K, committed 384K, reserved 1048576K
}
Event: 1.202 GC heap before
{Heap before GC invocations=9 (full 4):
 garbage-first heap   total 27648K, used 21061K [0x0000000780000000, 0x0000000800000000)
  region size 1024K, 12 young (12288K), 0 survivors (0K)
 Metaspace       used 8796K, committed 9088K, reserved 1114112K
  class space    used 832K, committed 960K, reserved 1048576K
}
Event: 1.203 GC heap after
{Heap after GC invocations=10 (full 4):
 garbage-first heap   total 27648K, used 10652K [0x0000000780000000, 0x0000000800000000)
  region size 1024K, 2 young (2048K), 2 survivors (2048K)
 Metaspace       used 8796K, committed 9088K, reserved 1114112K
  class space    used 832K, committed 960K, reserved 1048576K
}
Event: 1.224 GC heap before
{Heap before GC invocations=10 (full 4):
 garbage-first heap   total 27648K, used 13724K [0x0000000780000000, 0x0000000800000000)
  region size 1024K, 4 young (4096K), 2 survivors (2048K)
 Metaspace       used 9461K, committed 9728K, reserved 1114112K
  class space    used 898K, committed 1024K, reserved 1048576K
}
Event: 1.229 GC heap after
{Heap after GC invocations=11 (full 5):
 garbage-first heap   total 27648K, used 12641K [0x0000000780000000, 0x0000000800000000)
  region size 1024K, 0 young (0K), 0 survivors (0K)
 Metaspace       used 9461K, committed 9728K, reserved 1114112K
  class space    used 898K, committed 1024K, reserved 1048576K
}

